[debug] [2024-09-30T06:15:23.631Z] ----------------------------------------------------------------------
[debug] [2024-09-30T06:15:23.633Z] Command:       C:\Program Files\nodejs\node.exe C:\Users\vishw\AppData\Roaming\npm\node_modules\firebase-tools\lib\bin\firebase.js init
[debug] [2024-09-30T06:15:23.634Z] CLI Version:   13.20.1
[debug] [2024-09-30T06:15:23.634Z] Platform:      win32
[debug] [2024-09-30T06:15:23.634Z] Node Version:  v21.4.0
[debug] [2024-09-30T06:15:23.634Z] Time:          Mon Sep 30 2024 11:45:23 GMT+0530 (India Standard Time)
[debug] [2024-09-30T06:15:23.634Z] ----------------------------------------------------------------------
[debug] 
[debug] [2024-09-30T06:15:23.642Z] > command requires scopes: ["email","openid","https://www.googleapis.com/auth/cloudplatformprojects.readonly","https://www.googleapis.com/auth/firebase","https://www.googleapis.com/auth/cloud-platform"]
[debug] [2024-09-30T06:15:23.642Z] > authorizing via signed-in user (sudarshanab1992@gmail.com)
[info] 
     ######## #### ########  ######## ########     ###     ######  ########
     ##        ##  ##     ## ##       ##     ##  ##   ##  ##       ##
     ######    ##  ########  ######   ########  #########  ######  ######
     ##        ##  ##    ##  ##       ##     ## ##     ##       ## ##
     ##       #### ##     ## ######## ########  ##     ##  ######  ########

You're about to initialize a Firebase project in this directory:

  D:\homeserviceclone\backend

[info] 
=== Project Setup
[info] 
[info] First, let's associate this project directory with a Firebase project.
[info] You can create multiple project aliases by running firebase use --add, 
[info] but for now we'll just set up a default project.
[info] 
[debug] [2024-09-30T06:16:36.393Z] Checked if tokens are valid: true, expires at: 1727680252960
[debug] [2024-09-30T06:16:36.393Z] Checked if tokens are valid: true, expires at: 1727680252960
[debug] [2024-09-30T06:16:36.396Z] >>> [apiv2][query] GET https://firebase.googleapis.com/v1beta1/projects pageSize=100
[debug] [2024-09-30T06:16:37.090Z] <<< [apiv2][status] GET https://firebase.googleapis.com/v1beta1/projects 200
[debug] [2024-09-30T06:16:37.090Z] <<< [apiv2][body] GET https://firebase.googleapis.com/v1beta1/projects [omitted]
[info] i  Using project darshanaelderscare (DarshanaEldersCare) 
[info] 
=== Functions Setup
[debug] [2024-09-30T06:16:39.048Z] > command requires scopes: ["email","openid","https://www.googleapis.com/auth/cloudplatformprojects.readonly","https://www.googleapis.com/auth/firebase","https://www.googleapis.com/auth/cloud-platform"]
[debug] [2024-09-30T06:16:39.048Z] > authorizing via signed-in user (sudarshanab1992@gmail.com)
[debug] [2024-09-30T06:16:39.049Z] [iam] checking project darshanaelderscare for permissions ["firebase.projects.get"]
[debug] [2024-09-30T06:16:39.049Z] Checked if tokens are valid: true, expires at: 1727680252960
[debug] [2024-09-30T06:16:39.049Z] Checked if tokens are valid: true, expires at: 1727680252960
[debug] [2024-09-30T06:16:39.049Z] >>> [apiv2][query] POST https://cloudresourcemanager.googleapis.com/v1/projects/darshanaelderscare:testIamPermissions [none]
[debug] [2024-09-30T06:16:39.049Z] >>> [apiv2][(partial)header] POST https://cloudresourcemanager.googleapis.com/v1/projects/darshanaelderscare:testIamPermissions x-goog-quota-user=projects/darshanaelderscare
[debug] [2024-09-30T06:16:39.049Z] >>> [apiv2][body] POST https://cloudresourcemanager.googleapis.com/v1/projects/darshanaelderscare:testIamPermissions {"permissions":["firebase.projects.get"]}
[debug] [2024-09-30T06:16:40.288Z] <<< [apiv2][status] POST https://cloudresourcemanager.googleapis.com/v1/projects/darshanaelderscare:testIamPermissions 200
[debug] [2024-09-30T06:16:40.288Z] <<< [apiv2][body] POST https://cloudresourcemanager.googleapis.com/v1/projects/darshanaelderscare:testIamPermissions {"permissions":["firebase.projects.get"]}
[debug] [2024-09-30T06:16:40.289Z] Checked if tokens are valid: true, expires at: 1727680252960
[debug] [2024-09-30T06:16:40.289Z] Checked if tokens are valid: true, expires at: 1727680252960
[debug] [2024-09-30T06:16:40.289Z] Checked if tokens are valid: true, expires at: 1727680252960
[debug] [2024-09-30T06:16:40.289Z] Checked if tokens are valid: true, expires at: 1727680252960
[debug] [2024-09-30T06:16:40.289Z] >>> [apiv2][query] GET https://serviceusage.googleapis.com/v1/projects/darshanaelderscare/services/cloudfunctions.googleapis.com [none]
[debug] [2024-09-30T06:16:40.289Z] >>> [apiv2][(partial)header] GET https://serviceusage.googleapis.com/v1/projects/darshanaelderscare/services/cloudfunctions.googleapis.com x-goog-quota-user=projects/darshanaelderscare
[debug] [2024-09-30T06:16:40.290Z] >>> [apiv2][query] GET https://serviceusage.googleapis.com/v1/projects/darshanaelderscare/services/runtimeconfig.googleapis.com [none]
[debug] [2024-09-30T06:16:40.290Z] >>> [apiv2][(partial)header] GET https://serviceusage.googleapis.com/v1/projects/darshanaelderscare/services/runtimeconfig.googleapis.com x-goog-quota-user=projects/darshanaelderscare
[debug] [2024-09-30T06:16:42.263Z] <<< [apiv2][status] GET https://serviceusage.googleapis.com/v1/projects/darshanaelderscare/services/runtimeconfig.googleapis.com 200
[debug] [2024-09-30T06:16:42.263Z] <<< [apiv2][body] GET https://serviceusage.googleapis.com/v1/projects/darshanaelderscare/services/runtimeconfig.googleapis.com [omitted]
[debug] [2024-09-30T06:16:42.553Z] <<< [apiv2][status] GET https://serviceusage.googleapis.com/v1/projects/darshanaelderscare/services/cloudfunctions.googleapis.com 200
[debug] [2024-09-30T06:16:42.553Z] <<< [apiv2][body] GET https://serviceusage.googleapis.com/v1/projects/darshanaelderscare/services/cloudfunctions.googleapis.com [omitted]
[info] Let's create a new codebase for your functions.
[info] A directory corresponding to the codebase will be created in your project
[info] with sample code pre-configured.

[info] See https://firebase.google.com/docs/functions/organize-functions for
[info] more information on organizing your functions using codebases.

[info] Functions can be deployed with firebase deploy.

